<?xml version="1.0" encoding="UTF-8"?>
<!-- Generated by org.testng.reporters.JUnitReportReporter -->
<testsuite hostname="krzysztof-OptiPlex-7020" failures="0" tests="4" name="com.fonowizja.ox.SignTest" time="0.033" errors="0" timestamp="19 Mar 2019 12:26:35 GMT" skipped="0">
  <testcase classname="com.fonowizja.ox.SignTest" name="testSignNotExist" time="0.000"/>
  <testcase classname="com.fonowizja.ox.SignTest" name="testSignExist" time="0.000"/>
  <testcase classname="com.fonowizja.ox.SignTest" name="testSignExist" time="0.033"/>
  <testcase classname="com.fonowizja.ox.SignTest" name="testSignNotExist" time="0.000"/>
</testsuite> <!-- com.fonowizja.ox.SignTest -->
